build/outputs/logs/manifest-merger-debug-report.txt
-- Merging decision tree log ---
manifest
ADDED from FC_Android\AndroidManifest.xml:2:1-34:12
	package
		ADDED from FC_Android\AndroidManifest.xml:3:5-40
		INJECTED from FC_Android\AndroidManifest.xml
		INJECTED from FC_Android\AndroidManifest.xml
	android:versionName
		INJECTED from FC_Android\AndroidManifest.xml
		INJECTED from FC_Android\AndroidManifest.xml
	xmlns:android
		ADDED from FC_Android\AndroidManifest.xml:2:11-69
	android:versionCode
		INJECTED from FC_Android\AndroidManifest.xml
		INJECTED from FC_Android\AndroidManifest.xml
uses-permission#android.permission.ACCESS_WIFI_STATE
ADDED from FC_Android\AndroidManifest.xml:5:5-76
	android:name
		ADDED from FC_Android\AndroidManifest.xml:5:22-73
uses-permission#android.permission.INTERNET
ADDED from FC_Android\AndroidManifest.xml:6:5-67
	android:name
		ADDED from FC_Android\AndroidManifest.xml:6:22-64
uses-permission#android.permission.ACCESS_NETWORK_STATE
ADDED from FC_Android\AndroidManifest.xml:7:5-79
	android:name
		ADDED from FC_Android\AndroidManifest.xml:7:22-76
uses-permission#android.permission.READ_PHONE_STATE
ADDED from FC_Android\AndroidManifest.xml:8:5-75
	android:name
		ADDED from FC_Android\AndroidManifest.xml:8:22-72
uses-permission#android.permission.WAKE_LOCK
ADDED from FC_Android\AndroidManifest.xml:10:5-68
	android:name
		ADDED from FC_Android\AndroidManifest.xml:10:22-65
application
ADDED from FC_Android\AndroidManifest.xml:12:5-32:19
MERGED from [com.android.support:appcompat-v7:23.0.1] AndroidManifest.xml:22:5-20
MERGED from [com.android.support:support-v4:23.0.1] AndroidManifest.xml:22:5-20
MERGED from [com.android.support:support-v4:23.0.1] AndroidManifest.xml:22:5-20
	android:label
		ADDED from FC_Android\AndroidManifest.xml:15:9-38
	android:allowBackup
		ADDED from FC_Android\AndroidManifest.xml:13:9-35
	android:icon
		ADDED from FC_Android\AndroidManifest.xml:14:9-48
	android:theme
		ADDED from FC_Android\AndroidManifest.xml:16:9-76
activity#com.csform.android.fcloud.MainActivity
ADDED from FC_Android\AndroidManifest.xml:19:9-30:20
	android:screenOrientation
		ADDED from FC_Android\AndroidManifest.xml:23:13-50
	android:label
		ADDED from FC_Android\AndroidManifest.xml:21:13-45
	android:configChanges
		ADDED from FC_Android\AndroidManifest.xml:22:13-63
	android:name
		ADDED from FC_Android\AndroidManifest.xml:20:13-41
intent-filter#android.intent.action.MAIN+android.intent.category.LAUNCHER
ADDED from FC_Android\AndroidManifest.xml:25:13-29:29
action#android.intent.action.MAIN
ADDED from FC_Android\AndroidManifest.xml:26:17-69
	android:name
		ADDED from FC_Android\AndroidManifest.xml:26:25-66
category#android.intent.category.LAUNCHER
ADDED from FC_Android\AndroidManifest.xml:28:17-77
	android:name
		ADDED from FC_Android\AndroidManifest.xml:28:27-74
activity#com.csform.android.fcloud.Preferences
ADDED from FC_Android\AndroidManifest.xml:31:9-58
	android:name
		ADDED from FC_Android\AndroidManifest.xml:31:19-46
uses-sdk
INJECTED from FC_Android\AndroidManifest.xml reason: use-sdk injection requested
MERGED from [com.android.support:appcompat-v7:23.0.1] AndroidManifest.xml:20:5-43
MERGED from [com.android.support:support-v4:23.0.1] AndroidManifest.xml:20:5-43
MERGED from [com.android.support:recyclerview-v7:23.0.1] AndroidManifest.xml:20:5-43
MERGED from [com.android.support:support-v4:23.0.1] AndroidManifest.xml:20:5-43
	android:targetSdkVersion
		INJECTED from FC_Android\AndroidManifest.xml
		INJECTED from FC_Android\AndroidManifest.xml
	android:minSdkVersion
		INJECTED from FC_Android\AndroidManifest.xml
		INJECTED from FC_Android\AndroidManifest.xml